[debug] [2025-02-13T16:37:18.914Z] ----------------------------------------------------------------------
[debug] [2025-02-13T16:37:18.918Z] Command:       C:\Program Files\nodejs\node.exe C:\Users\chait\AppData\Roaming\npm\node_modules\firebase-tools\lib\bin\firebase.js init
[debug] [2025-02-13T16:37:18.918Z] CLI Version:   13.31.0
[debug] [2025-02-13T16:37:18.918Z] Platform:      win32
[debug] [2025-02-13T16:37:18.919Z] Node Version:  v22.11.0
[debug] [2025-02-13T16:37:18.919Z] Time:          Thu Feb 13 2025 22:07:18 GMT+0530 (India Standard Time)
[debug] [2025-02-13T16:37:18.919Z] ----------------------------------------------------------------------
[debug] 
[debug] [2025-02-13T16:37:18.929Z] > command requires scopes: ["email","openid","https://www.googleapis.com/auth/cloudplatformprojects.readonly","https://www.googleapis.com/auth/firebase","https://www.googleapis.com/auth/cloud-platform"]
[debug] [2025-02-13T16:37:18.930Z] > authorizing via signed-in user (chaitanyaprasadam345@gmail.com)
[info] 
     ######## #### ########  ######## ########     ###     ######  ########
     ##        ##  ##     ## ##       ##     ##  ##   ##  ##       ##
     ######    ##  ########  ######   ########  #########  ######  ######
     ##        ##  ##    ##  ##       ##     ## ##     ##       ## ##
     ##       #### ##     ## ######## ########  ##     ##  ######  ########

You're about to initialize a Firebase project in this directory:

  D:\4-2\sdg-website

[info] 
=== Project Setup
[info] 
[info] First, let's associate this project directory with a Firebase project.
[info] You can create multiple project aliases by running firebase use --add, 
[info] but for now we'll just set up a default project.
[info] 
[info] i  If you want to create a project in a Google Cloud organization or folder, please use "firebase projects:create" instead, and return to this command when you've created the project. 
[debug] [2025-02-13T16:37:57.695Z] Checked if tokens are valid: true, expires at: 1739467558279
[debug] [2025-02-13T16:37:57.695Z] Checked if tokens are valid: true, expires at: 1739467558279
[debug] [2025-02-13T16:37:57.697Z] >>> [apiv2][query] POST https://cloudresourcemanager.googleapis.com/v1/projects [none]
[debug] [2025-02-13T16:37:57.697Z] >>> [apiv2][body] POST https://cloudresourcemanager.googleapis.com/v1/projects {"projectId":"software","name":"software"}
[debug] [2025-02-13T16:37:59.368Z] <<< [apiv2][status] POST https://cloudresourcemanager.googleapis.com/v1/projects 409
[debug] [2025-02-13T16:37:59.368Z] <<< [apiv2][body] POST https://cloudresourcemanager.googleapis.com/v1/projects {"error":{"code":409,"message":"Requested entity already exists","status":"ALREADY_EXISTS"}}
[debug] [2025-02-13T16:37:59.518Z] FirebaseError: Request to https://cloudresourcemanager.googleapis.com/v1/projects had HTTP Error: 409, Requested entity already exists
    at responseToError (C:\Users\chait\AppData\Roaming\npm\node_modules\firebase-tools\lib\responseToError.js:52:12)
    at RetryOperation._fn (C:\Users\chait\AppData\Roaming\npm\node_modules\firebase-tools\lib\apiv2.js:312:77)
    at process.processTicksAndRejections (node:internal/process/task_queues:105:5)
[error] 
[error] Error: Failed to create project because there is already a project with ID software. Please try again with a unique project ID.
[debug] [2025-02-13T16:40:02.907Z] ----------------------------------------------------------------------
[debug] [2025-02-13T16:40:02.910Z] Command:       C:\Program Files\nodejs\node.exe C:\Users\chait\AppData\Roaming\npm\node_modules\firebase-tools\lib\bin\firebase.js init
[debug] [2025-02-13T16:40:02.911Z] CLI Version:   13.31.0
[debug] [2025-02-13T16:40:02.911Z] Platform:      win32
[debug] [2025-02-13T16:40:02.911Z] Node Version:  v22.11.0
[debug] [2025-02-13T16:40:02.912Z] Time:          Thu Feb 13 2025 22:10:02 GMT+0530 (India Standard Time)
[debug] [2025-02-13T16:40:02.912Z] ----------------------------------------------------------------------
[debug] 
[debug] [2025-02-13T16:40:02.921Z] > command requires scopes: ["email","openid","https://www.googleapis.com/auth/cloudplatformprojects.readonly","https://www.googleapis.com/auth/firebase","https://www.googleapis.com/auth/cloud-platform"]
[debug] [2025-02-13T16:40:02.922Z] > authorizing via signed-in user (chaitanyaprasadam345@gmail.com)
[info] 
     ######## #### ########  ######## ########     ###     ######  ########
     ##        ##  ##     ## ##       ##     ##  ##   ##  ##       ##
     ######    ##  ########  ######   ########  #########  ######  ######
     ##        ##  ##    ##  ##       ##     ## ##     ##       ## ##
     ##       #### ##     ## ######## ########  ##     ##  ######  ########

You're about to initialize a Firebase project in this directory:

  D:\4-2\sdg-website

[info] 
=== Project Setup
[info] 
[info] First, let's associate this project directory with a Firebase project.
[info] You can create multiple project aliases by running firebase use --add, 
[info] but for now we'll just set up a default project.
[info] 
[info] i  If you want to create a project in a Google Cloud organization or folder, please use "firebase projects:create" instead, and return to this command when you've created the project. 
[debug] [2025-02-13T16:40:34.225Z] Checked if tokens are valid: true, expires at: 1739467558279
[debug] [2025-02-13T16:40:34.225Z] Checked if tokens are valid: true, expires at: 1739467558279
[debug] [2025-02-13T16:40:34.227Z] >>> [apiv2][query] POST https://cloudresourcemanager.googleapis.com/v1/projects [none]
[debug] [2025-02-13T16:40:34.227Z] >>> [apiv2][body] POST https://cloudresourcemanager.googleapis.com/v1/projects {"projectId":"FireWebX","name":"FireWebX"}
[debug] [2025-02-13T16:40:35.582Z] <<< [apiv2][status] POST https://cloudresourcemanager.googleapis.com/v1/projects 400
[debug] [2025-02-13T16:40:35.583Z] <<< [apiv2][body] POST https://cloudresourcemanager.googleapis.com/v1/projects {"error":{"code":400,"message":"field [project_id] has issue [project_id contains invalid characters]","status":"INVALID_ARGUMENT","details":[{"@type":"type.googleapis.com/google.rpc.BadRequest","fieldViolations":[{"field":"project_id","description":"project_id contains invalid characters"}]},{"@type":"type.googleapis.com/google.rpc.Help","links":[{"url":"https://cloud.google.com/resource-manager/reference/rest/v1/projects"}]}]}}
[debug] [2025-02-13T16:40:35.703Z] FirebaseError: Request to https://cloudresourcemanager.googleapis.com/v1/projects had HTTP Error: 400, field [project_id] has issue [project_id contains invalid characters]
    at responseToError (C:\Users\chait\AppData\Roaming\npm\node_modules\firebase-tools\lib\responseToError.js:52:12)
    at RetryOperation._fn (C:\Users\chait\AppData\Roaming\npm\node_modules\firebase-tools\lib\apiv2.js:312:77)
    at process.processTicksAndRejections (node:internal/process/task_queues:105:5)
[error] 
[error] Error: Failed to create project. See firebase-debug.log for more info.
